-11.3 27.6 21.9 2 7 6 Ross989
1.7 -8.5 -3.9 1 7 6 Seruier
2.5 -6.0 17.3 1 6 6 SigmaDraconis
-1.6 8.1 -2.5 2 3 8 Sirius
-1.6 8.1 -2.5 2 3 6 Sirius
0.0 0.0 0.0 1 5 6 Sol
10.1 4.8 -3.3 1 5 6 TauCeti
33.9 29.1 -15.3 1 4 6 Tau1Erandi
-23.9 -17.3 37.8 2 4 6 ThetaBootis
-23.9 -17.3 37.8 2 7 7 ThetaBootis
-33.3 -20.0 -28.3 1 6 4 ThetaCenturi
20.6 17.4 31.1 2 4 6 ThetaPersei
20.6 17.4 31.1 2 7 6 ThetaPersei
7.6 3.4 -2.8 2 7 6 UvCeti
6.1 48.9 1.6 1 7 6 V371Orionis
1.7 24.4 -10.1 2 7 6 VB1
-26.0 3.1 -16.8 2 7 6 VB4
-25.4 1.7 -21.5 2 7 6 VB5
-5.8 -19.2 -3.0 2 7 6 VB8
4.0 -27.5 28.4 2 7 6 VB9
5.9 -17.8 1.6 2 7 6 VB10
33.8 -35.7 -4.4 2 7 6 VB11
13.3 2.7 1.2 1 5 8 VanMaanen'sStar
3.1 -20.3 16.4 1 3 6 Vega
-29.6 -5.9 19.4 1 6 6 Vogelheim
-12.3 3.1 12.1 2 7 6 WXUrsaeMajoris
13.7 3.6 26.9 1 7 6 Wolf47
24.3 35.3 14.2 1 3 8 Wolf219
-21.7 7.0 2.8 1 7 6 Wolf358
-41.1 -4.8 6.3 1 7 7 Wolf414
-13.8 -1.9 2.2 2 7 6 Wolf424
-13.8 -1.9 2.2 2 7 6 Wolf424
-38.4 -6.2 8.2 1 7 6 Wolf433
-27.7 -5.6 4.9 1 7 6 Wolf437
-38.5 -9.9 2.6 1 5 8 Wolf457
-34.9 -9.1 3.7 2 7 6 Wolf461SB
-34.9 -9.1 3.7 2 6 8 Wolf461
-22.6 -9.9 1.7 1 6 8 Wolf489
-35.7 -24.3 -5.4 1 7 6 Wolf534
-5.8 -19.2 -2.9 2 7 7 Wolf629
-5.8 -19.2 -2.9 2 7 8 Wolf629
27.8 -28.1 -4.6 1 7 6 Wolf906
24.7 -23.5 -8.2 1 7 7 Wolf918
18.9 -14.7 -4.3 1 7 6 Wolf922
40.4 -5.1 0.0 1 7 7 Wolf1039
34.7 5.5 20.5 1 7 6 Wolf1056
16.5 -19.5 36.6 1 7 6 Wolf1084
-18.3 36.9 15.4 1 7 6 Wolf1421
7.9 -48.0 -9.1 1 7 6 Wolf1466
 11.9 37.6 4.4 1 7 6 Wolf1539
28.0 -13.9 -5.0 2 7 6 Wolf1561
28.0 -13.9 -5.0 2 7 6 Wolf1561
-15.4 -14.0 7.2 2 5 6 XiBootis
-15.4 -14.0 7.2 2 6 6 XiBootis
-15.4 -14.0 7.2 2 7 6 XiBootisSB
-25.0 4.9 15.7 2 5 6 XiUrsaeMajoris
-25.0 4.9 15.7 2 5 6 XiUrsaeMajoris
-25.0 4.9 15.7 2 7 6 XiUrsaeMajorisSB
-25.0 4.9 15.7 2 7 6 XiYrsaeMajorisSB
7.8 -6.1 -11.6 1 7 6 Xiuing
-15.6 36.9 25.0 2 6 6 YYGerminorum
-15.6 36.9 25.0 2 6 6 YYGerminorumSB
-8.5 17.7 1.2 1 7 6 YZCanisMinoris
6.1 24.9 -40.5 1 4 6 ZetaDoradus
-5.0 -11.0 -33.0 2 5 6 ZetaDraconis
-5.0 -11.0 -33.0 2 5 6 ZetaDraconisSB
-9.2 -25.1 16.4 2 5 5 ZetaHerculis
-9.2 -25.1 16.4 2 7 6 ZetaHerculis
9.7 0.7 -21.1 1 5 6 ZetaTucanae
10.9 12.6 -32.6 1 5 6 Zeta1Reticuli
10.9 12.7 -32.6 1 5 6 Zeta2Reticuli
22.3 18.9 -36.2 1 5 5 IotaHorologii
34.4 -19.0 18.4 2 4 6 IotaPegasi
34.4 -19.0 18.4 2 7 6 IotaPegasiSB
17.0 17.8 28.7 1 5 6 IotaPersei
45.4 -4.6 4.2 1 4 6 IotaPiscium
-22.9 23.6 36.8 2 7 6 IotaUrsaeMajoris
-22.9 23.6 36.8 2 3 6 IotaUrsaeMajoris
-22.9 23.6 36.8 2 7 6 IotaUrsaeMajoris
-22.9 23.6 36.8 2 7 6 IotaUrsaeMajorisSB
1.9 8.7 -9.1 1 7 6 Kapetyn'sStar
19.8 23.0 1.6 1 5 6 KappaReticuli
-20.8 -3.6 14.3 1 6 6 Kimanjano
-4.0 -24.2 0.9 1 6 6 King
6.3 -2.8 10.8 2 7 6 Kruger60
6.3 -2.8 10.8 2 7 6 Kruger60
4.1 -4.0 -40.9 1 3 8 L2452
6.3 -2.0 -25.9 1 6 8 L49-19
-6.9 -.8 -20.3 2 7 6 L68-27
-6.9 -.8 -20.3 2 6 8 L68-28
-4.7 -13.4 -45.9 1 7 6 L74-113
16.5 10.1 -45.5 1 7 6 L89-27
-3.4 6.3 -17.5 1 7 6 L97-12
8.8 -15.5 -39.7 2 7 6 L115-21
8.8 -15.5 -39.7 2 7 6 L115-21
14.4 -5.7 -34.2 1 7 8 L119-21
12.8 11.8 -35.7 1 7 6 L127-97
-6.8 .5 -14.3 1 3 8 L145-141
-3.5 23.4 -38.6 1 7 6 L182-44
-22.5 4.5 -35.7 1 7 6 L192-72
-20.3 -9.6 -30.7 1 6 8 L258-146
25.2 -15.5 -36.9 2 3 6 L283-7
-21.0 21.3 -32.4 1 7 6 L316-62
-7.4 -20.3 -22.3 1 5 8 L339-19
4.3 -12.3 -13.4 1 7 6 L347-14
21.0 -13.3 -26.9 1 7 6 L355-62
19.4 -0.1 -18.4 1 3 8 L362-81
-28.8 3.8 -25.1 1 7 6 L396-7
-18.9 -25.3 -24.4 1 6 8 L480-69
7.3 -33.2 -27.2 2 7 6 L489-58
7.3 -33.2 -27.2 2 5 7 L489-58
-5.6 42.3 -21.8 1 7 6 L597-31
-9.6 14.9 -7.0 1 7 6 L674-15
-16.5 19.8 -11.2 1 7 6 L675-81
-20.0 14.8 -9.8 1 6 8 L678-39
32.0 -23.3 -18.0 1 7 6 L714-88
33.5 -19.6 -14 1 7 6 L715-89
23.6 -9.1 -9.7 2 7 6 L717-22
20.4 6.3 -6.7 1 7 6 L724-32
10.9 35.7 -12.1 1 7 6 L736-30
7.8  33.0 -11.2 1 7 6 L737-9
-13.8 30.1 -10.4 2 4 8 L745-46
-13.8 30.1 -10.4 2 7 6 L745-46
-16.0 -22.7 -9.8 1 7 6 L768-119
9.5 -3.7 -2.9 1 7 6 L789-6
-26.4 28.3 -8.9 2 7 6 L820-19
-26.4 28.3 -8.9 2 7 6 L820-19
-33.7 16.7 -7.8 1 7 6 L824-28
-38.4 2.5 -7.9 1 7 6 L829-26
11.6 -43.1 -10.9 1 7 6 L850-62
27.0 -28.8 -10.1 2 7 6 L856-54
27.0 -28.8 -10.1 2 7 6 L856-54
37.5 16.6 -3.8 1 3 8 L870-2
-11.9 44.7 -5.2 1 3 8 L886-6
-29.5 11.1 -3.7 1 7 6 L897-16
-39.0 1.5 -4.9 1 7 6 L901-10
41.6 -8.9 -5.1 1 3 6 L935-50
-24.9 13.0 -1.2 1 7 6 L968-22
-8.9 -39.3 -1.3 2 7 6 L989-20
-8.9 -39.3 -1.3 2 5 8 L989-20
16.8 -31.2 -0.8 1 3 8 L997-21
2.9 -49.3 1.3 1 7 6 L1064-75
2.9 -49.3 1.4 1 7 7 L1113-55
35.9 2.0 8.5 1 7 6 L1154-29
-20.9 -26.8 10.7 2 7 6 L1272-21
17.6 13.6 10.2 1 7 6 L1303-10
-15.4 -26.8 11.6 1 7 6 L1346-53
-9.9 -24.9 41.5 2 7 6 LP101-15
-9.9 -24.9 41.5 2 7 6 LP101-15SB
-9.9 -24.9 41.5 2 7 6 LP101-16
-14.1 17.2 7.4 1 7 6 LP425-140
0.6 19.5 -1.5 1 6 8 LP658-2
8.9 -2.3 -6.8 1 7 6 Lacaille9352
7.1 36.5 31.3 1 5 6 LambdaAurigae
-19.3 -28.6 4.5 1 5 6 LambdaSerpenti
18.9 40.3 15.6 1 7 6 Lowne1
-2.4 -27.2 -34.7 1 5 6 MuArae
13.9 4.0 20.4 2 5 7 MuCassiopei
13.9 4.0 20.4 2 7 6 MuCassiopei
-1.6 -23.3 12.2 2 5 5 MuHerculis
-1.6 -23.3 12.1 2 7 6 MuHerculis
-1.6 -23.3 12.1 2 7 6 MuHerculis
-8.4 4.4 11.1 1 6 6 Neubayern
-2.6 -24.2 8.1 1 7 6 NewMelborne
29.5 9.7 -32.1 1 4 6 NuPhoenicis
-7.3 2.1 0.9 1 7 6 Nyotekundu
7.0 14.0 -2.2 1 6 6 Omicron2Erandi
7.7 23.6 3.0 1 4 6 Pi3Orionis
-13.4 27.8 16.5 1 6 4 Pollux
-4.7 10.3 1.0 2 4 5 Procyon
-4.7 10.3 1.0 2 4 8 Procyon
-1.6 -1.2 -3.8 1 7 6 ProximaCentauri
22.3 -26.0 -16.3 1 4 6 PsiCapricorni
-6.6 34.5 33.5 1 5 6 Psi5Aurigae
7.6 3.4 -2.8 2 7 6 Qinyuan
-13.7 -2.1 14.3 1 6 6 QueenAlice'sStar
-3.2 -16.4 15.0 1 7 6 RedSpeck
10.7 4.8 -17.8 1 6 6 RhoErandi
11.6 22.2 32.7 1 7 6 Ross28
4.2 27.6 4.7 1 7 6 Ross41
6.0 45.5 7.9 2 7 6 Ross42
6.0 45.5 7.9 2 7 6 Ross42SB
-22.8 -21.2 13.6 2 7 7 Ross52
-22.8 -21.2 13.6 2 7 6 Ross52
-2.4 24.4 10.6 1 7 6 Ross64
-26.8 19.0 13.4 1 7 6 Ross92
-33.8 1.2 6.0 1 7 6 Ross119
-10.9 0.7 0.2 1 7 6 Ross128
12.5 -25.9 14.6 2 7 6 Ross165
12.5 -25.9 14.6 2 7 6 Ross165
23.5 -30.8 30.6 1 7 6 Ross188
33.8 -35.7 -4.4 1 7 6 Ross193
21.1 -6.5 39.4 1 7 6 Ross226
7.3 -0.7 7.1 1 7 6 Ross248
27.8 -1.8 31.8 1 7 6 Ross249
-3.5 46.7 -5.5 1 7 6 Ross417
-36.2 -14.2 -1.3 2 7 6 Ross486
-36.2 -14.2 -1.3 2 7 6 Ross486
-21.8 -26.3 10.8 1 7 6 Ross508
32.2 16.6 -7.1 1 7 7 Ross555
9.9 23.2 21.0 1 7 6 Ross594
-1.6 12.8 -0.7 2 7 6 Ross614
-1.6 12.8 -0.7 2 7 6 Ross614
-11.4 18.0 3.3 1 7 6 Ross619
-35.6 6.0 14.3 1 4 8 Ross627
-28.1 -2.8 -9.2 1 7 6 Ross695
-20.9 -28.3 -8.8 1 7 6 Ross802
-37.4 -23.9 -9.3 1 7 6 Ross845
-28.9 -19.8 -5.8 1 7 6 Ross848
-7.1 -28.9 11.7 1 7 6 Ross863
-6.2 -33.0 16.7 2 7 6 Ross867
-5.7 -30.6 15.4 1 7 6 Ross868
-39.9 -10.6 -1.4 1 6 7 Ross974
13.1 -20.3 -12.5 2 6 6 DM-2714659
13.1 -20.3 -12.5 2 7 6 DM-2714659SB
21.5 -29.5 -19.4 1 7 6 DM-2816676
20.5 5.0 -40.8 1 7 6 DM-28302
31.5 19.7 -20.2 1 6 6 DM-28694
-33.0 19.1 -22.2 1 7 7 DM-298019
33.5 -14.6 -21.4 1 6 6 DM-3019175
36.2 -13.6 -22.3 1 6 6 DM-3019255
15.9 -18.7 -15.1 1 7 6 DM-3117815
39.1 8.7 -23.8 2 6 6 DM-31325
39.1 8.7 -23.8 2 7 6 DM-31125SB
-21.1 27.1 -21.0 1 6 6 DM-316229
-30.1 3.5 -19.2 1 7 7 DM-319113
15.5 -18.7 -15.6 2 7 6 DM-3216135
15.5 -18.7 -15.6 2 7 6 DM-3216135
20.7 -6.2 -13.5 1 6 6 DM-3217321
-15.6 18.6 -15.7 1 3 8 DM-325613
-26.0 3.1 -16.8 1 6 6 DM-328179
-3.7 -18.8 -13.4 2 6 6 DM-3411626
-3.7 -18.8 -13.4 2 6 6 DM-3411626
-3.7 -18.8 -13.4 2 7 6 DM-3411626
-17.9 34.0 -22.8 2 4 6 DM-344036
-17.9 34.0 -22.8 2 6 7 DM-344036
-9.3 37.3 -27.4 2 7 6 DM-353233
-9.3 37.3 -27.4 2 4 6 DM-353233
7.8 -12.6 -10.9 2 6 6 DM-3613940
7.8 -12.6 -10.9 2 7 6 DM-3613940
1.7 27.8 -20.6 1 7 6 DM-362458
-19.8 -29.3 -27.4 2 3 8 DM-3710500
-19.8 -29.3 -27.4 2 5 6 DM-3710500
-8.7 -17.8 -15.2 2 7 7 DM-3710765
-8.7 -17.8 -15.2 2 7 6 DM-3710765
-33.9 -10.6 -27.3 1 5 6 DM-378437
22.6 24.8 -26.6 1 7 7 DM-381058
-17.2 20.1 -21.3 1 6 6 DM-384789
-10.6 -36.7 -31.5 2 7 7 DM-3910940
-10.6 -36.7 -31.5 2 6 6 DM-3910940
7.2 -6.5 7.8 1 7 6 DM-3914192
-25.4 1.7 -21.5 1 5 6 DM-397301
-20.9 14.9 -22.3 1 7 6 DM-397301
-8.9 -11.5 -12.7 1 7 7 DM-409712
16.1 29.6 -29.3 1 6 8 DM-411288
25.1 11.5 25.2 1 5 6 DM-41328
31.6 6.0 -29.2 2 7 7 DM-42249
32.4 6.2 -30.0 1 6 6 DM-42249
-20.2 12.9 -22.6 1 6 6 DM-425678
1.2 -32.4 -30.8 1 6 6 DM-4312343
-28.8 2.6 -28.1 1 6 6 DM-437228
-5.0 19.6 -19.8 2 7 6 DM-443045
-5.0 19.6 -19.8 2 7 6 DM-443045
19.2 15.0 -23.6 2 6 6 DM-44775
19.2 15.0 -23.6 2 7 6 DM-44775SB
16.6 21.9 -27.4 1 7 7 DM-451184
7.5 -11.8 -14.2 1 7 6 DM-4513677
-17.3 11.8 -21.4 1 7 7 DM-455378
-25.9 15.4 -31.4 1 7 7 DM-455627
-29.7 -4.4 -30.7 1 7 6 DM-457872
-3.4 -16.8 -18.1 2 5 6 DM-4611370
-3.4 -16.8 -18.1 2 7 6 DM-4611370
-1.6 -10.3 -11.1 1 7 7 DM-4611540
10.1 -30.8 -33.5 2 7 7 DM-4612902
10.1 -30.8 -33.5 2 6 6 DM-4612902
-8.8 25.3 -28.7 2 7 6 DM-463046
-8.8 25.3 -28.7 2 6 6 DM-463046
19.8 21.7 -31.3 1 6 8 DM-46943
25.0 -16.8 -33.0 1 5 6 DM-4713928
30.8 13.9 -36.0 1 7 6 DM-47502
14.6 19.6 -27.8 1 6 6 DM-481011
-3.3 -25.8 -29.5 1 7 6 DM-4811837
6.2 -25.4 -29.4 1 7 7 DM-4812818
-4.7 29.5 -35.7 1 6 8 DM-492340
-3.5 -23.6 -30.1 2 7 6 DM-5110924
-3.5 -23.6 -30.1 2 7 6 DM-5110924
25.1 -15.5 -36.9 1 7 7 DM-5113128
19.4 12.2 -28.5 1 6 6 DM-51532
-16.9 1.4 -21.3 1 6 8 DM-515974
-16.5 -2.6 -21.2 1 7 6 DM-516859
14.9 -18.1 -31.0 1 6 6 DM-538617
10.9 22.0 -33.2 1 6 6 DM-53889
21.3 14.3 -35.8 1 7 6 DM-54487
21.0 -10.4 -32.2 2 7 7 DM-549222
21.0 -10.4 -32.2 2 5 6 DM-549222
10.7 4.8 -17.8 2 6 6 DM-56328
-12.4 -23.6 -41.7 1 6 6 DM-576303
-13.4 -9.0 -27.0 1 6 6 DM-585564
2.7 -24.4 -39.7 1 6 8 DM-587076
22.7 -10.5 -40.1 1 5 6 DM-588327
-12.0 10.0 -27.2 1 7 6 DM-592351
-17.2 2.8 -31.8 2 6 6 DM-603532
-17.2 2.8 -31.8 2 7 6 DM-603532
17.6 -10.7 -35.8 1 6 8 DM-607821
2.4 19.5 37.4 1 7 6 DM-62780
30.6 38.5 3.1 1 6 6 DM-63110
-17.5 -2.4 -44.6 1 6 6 DM-681095
10.4 3.2 -26.7 1 6 8 DM-6847
10.4 -1.1 34.3 1 6 6 DM-731672
-1.3 10.9 -10.7 1 7 6 Davout
16.4 -43.5 2.4 2 4 5 DeltaAquilae
16.4 -43.5 2.4 2 7 6 DeltaAquilaeSB
16.5 23.7 -5.1 1 6 5 DeltaErandi
3.8 -6.5 -17.1 1 5 6 DeltaPavonis
23.2 15.3 18.7 2 5 6 DeltaTrianguli
23.2 15.3 18.7 2 7 6 DeltaTrianguliSB
-41.4 2.4 10.9 1 3 6 Denebola
-6.5 -14.3 17.6 1 5 6 Ellis
35.7 29.2 -9.9 2 7 6 EpsilonCeti
35.7 29.2 -9.9 2 4 6 EpsilonCeti
6.4 8.4 -1.9 2 6 6 EpsilonErandi
6.4 8.4 -1.9 2 7 6 EpsilonErandiUC
5.2 -3.1 -9.4 1 6 6 EpsilonIndi
-26.8 -14.3 10.2 2 5 5 EtaBootis
-26.8 -14.3 10.2 2 7 6 EtaBootisSB
10.0 2.0 16.1 2 5 6 EtaCassiopei
10.0 2.0 16.1 2 7 6 EtaCassiopei
14.1 -16.3 39.8 1 6 5 EtaCephei
18.2 -5.4 -10.9 1 3 6 Formalhaut
22.7 29.3 9.3 1 7 7 G5-43
22.2 38.0 14.8 1 7 6 G7-17
18.1 -24.3 5.0 1 7 6 G24-16
42.2 -6.3 3.7 1 3 8 G29-38
-35.5 11.2 9.4 1 7 6 G44-42
-26.2 28.5 21.0 2 7 6 G47-9
-10.8 26.8 32.4 2 7 7 G107-69
-10.8 26.8 32.4 2 7 6 G107-69SB
-10.1 25.1 30.4 2 3 8 G107-70
-10.3 25.1 30.4 2 7 6 G107-70SB
-20.6 18.4 37.5 1 3 8 G195-19
-24.4 -1.1 34.5 2 7 6 G197-50
-23.1 -16.8 38.5 2 6 8 G200-38
1.8 24.4 -10.2 1 4 6 GammaLeporis
8.9 -7.4 -25.6 1 4 6 GammaPavonis
-20.3 -33.1 10.9 1 4 6 GammaSerpenti
-32.5 -5.6 -0.7 2 4 6 GammaVirginis
-32.5 -5.6 -0.7 2 4 6 GammaVirginis
8.1 0.5 7.8 2 7 6 Groombridge34
8.3 0.5 7.9 2 7 6 Groombridge34
8.3 0.5 7.9 2 7 6 GroombridgeSB
13.0 7.3 3.3 1 7 6 Haifeng
-22.7 0.9 17.7 1 5 7 Henry'sStar
-24.9 -12.6 14.3 1 7 6 Hochbaden
11.4 0.1 -8.9 1 7 6 Hunjang
2.0 20.7 28.1 1 6 6 DM+53934
2.0 20.7 28.1 1 7 6 DM+53935
-24.5 -1.1 34.5 1 7 6 DM+551519
-20.1 8.5 32.6 1 6 6 DM+561458
-20.1 8.5 32.6 1 4 6 DM+561459
11.8 -2.6 18.5 1 6 6 DM+562966
20.2 -3.4 32.3 1 7 6 DM+572735
1.0 -5.8 9.9 2 7 6 DM+591915
1.0 -5.8 9.9 2 7 6 DM+591915
-4.8 23.5 42.2 1 7 6 DM+601003
13.7 3.6 26.9 2 7 6 DM+61195
13.7 3.6 26.9 2 7 6 DM+61195SB
7.6 -8.2 21.0 1 7 6 DM+612068
13.4 7.6 28.6 1 6 6 DM+61366
17.0 -15.1 43.8 1 5 8 DM+621916
18.7 7.9 39.7 1 6 6 DM+62274
19.3 5.5 40.5 1 6 6 DM+63137
17.5 8.1 38.9 1 6 6 DM+63229
11.4 5.5 25.6 1 6 6 DM+63238
-15.2 9.4 35.0 1 7 6 DM+63869
10.8 -16.0 44.6 1 5 6 DM+661281
13.1 1.6 31.2 2 7 6 DM+6634
13.1 1.6 31.2 2 7 6 DM+6634
-10.9 2.0 25.0 1 7 6 DM+66717
-2.6 -16.6 40.1 2 6 6 DM+671014
-2.6 -16.6 40.1 2 7 6 DM+671014
-9.9 12.6 38.5 2 7 6 DM+67552
-9.9 12.6 38.5 2 7 6 DM+67552
-6.2 -12.7 33.7 2 7 6 DM+67935
-6.2 -12.7 33.7 2 7 6 DM+67935
-0.6 -5.7 14.2 2 7 6 DM+68946
-0.6 -5.7 14.2 2 7 6 DM+68946SB
-8.0 8.5 33.8 2 6 6 DM+71482
-8.0 8.5 33.8 2 7 6 DM+71482
8.9 -0.4 33.8 2 6 6 DM+741047
8.9 -0.4 33.8 2 7 6 DM+741047
8.9 -0.4 33.8 2 7 6 DM+741047
-12.1 2.5 42.2 2 6 6 DM+74456
-12.1 2.5 42.2 2 7 6 DM+74456
5.2 -8.1 41.8 1 7 6 DM+76785
-3.6 6.9 45.9 1 5 6 DM+80238
-30.8 -17.6 -1.5 1 7 6 DM-12892
-13.2 -33.3 -1.4 1 6 6 DM-13220
3.4 -45.2 -1.6 1 7 6 DM-13474
45.2 -18.0 -1.0 1 7 6 DM-14323
23.4 38.6 -1.1 2 6 6 DM-1565
23.4 38.6 -1.1 2 7 6 DM-1565
23.4 38.6 -1.1 2 7 6 DM-1565SB
45.2 11.0 -1.7 1 6 8 DM-2129
-36.0 28.4 -2.1 2 4 6 DM-22901
-36.0 28.4 -2.1 2 6 7 DM-22902
-36.2 22.8 -2.6 1 7 6 DM-23000
8.2 43.2 -2.4 2 6 6 DM-31061
8.2 43.2 -2.5 2 7 6 DM-31061
6.6 44.6 -2.8 1 6 6 DM-31110
2.5 18.9 -1.3 1 7 6 DM-31123
-18.4 40.5 -2.8 2 6 6 DM-32001
-18.5 40.5 -2.8 2 6 6 DM-32002
-25.8 13.4 -1.8 2 7 6 DM-32870
-25.8 13.4 -1.8 2 7 6 DM-32870SB
-43.0 -19.5 -3.3 2 6 6 DM-33508
-43.0 -19.5 -3.3 2 7 6 DM-33508SB
0.2 -23.6 -1.3 1 7 6 DM-34233
-17.7 28.9 -2.6 1 7 7 DM-42226
-26.1 27.9 -3.6 1 5 6 DM-42490
-8.9 -34.6 -3.2 1 6 6 DM-44225
-8.9 -34.6 -3.2 1 7 6 DM-44226
7.9 28.6 -3.1 2 6 6 DM-51123
7.9 28.9 -3.1 2 7 6 DM-51123SB
-6.8 30.4 -2.8 2 6 6 DM-51844
-6.8 30.4 -2.9 2 7 6 DN-51844
35.2 -21.2 -3.4 1 6 6 DM-55674
25.5 -13.8 -2.5 1 7 6 DM-55715
28.1 34.3 -4.4 1 6 6 DM-5642
-2.3 -42.1 -4.5 2 7 6 DM-64663
-2.3 -42.1 -4.5 2 7 6 DM-64663
-13.8 -16.0 -2.8 1 7 6 DM-74003
22.5 36.1 -5.3 1 7 6 DM-7699
7.0 14.0 -2.2 2 3 8 DM-7781
7.0 14.0 -2.2 2 7 6 DM-7781
-33.2 31.9 -7.0 2 7 6 DM-82582
-33.2 31.9 -7.0 2 7 6 DM-82582SB
-5.8 -19.2 -3.0 2 7 6 DM-84352
-40.1 0.3 -7.2 1 6 5 DM-93413
-33.1 21.3 -8.5 1 7 6 DM-112741
-15.8 -12.3 -4.4 1 7 6 DM-113759
-22.6 33.3 -9.0 1 5 6 DM-122449
-22.8 17.6 -6.9 2 7 6 DM-122918
-22.8 17.6 -6.9 2 7 6 DM-122918
-5.1 -11.8 -2.9 2 7 6 DM-124523SB
-21.1 40.7 -11.3 2 7 6 DM-132267
-21.1 40.7 -11.3 2 5 6 DM-132267
18.4 16.9 -5.8 1 6 6 DM-13544
34.5 -33.3 -12.1 2 6 6 DM-145936
34.5 -33.3 -12.1 2 7 7 DM-145936
14.4 -4.6 -4.0 1 7 6 DM-156290
43.6 14.8 -13.1 1 6 8 DM-16214
-24.7 -8.5 -8.5 1 5 6 DM-173813
40.1 -5.3 -12.4 2 7 6 DM-176768
40.1 -5.3 -12.4 2 7 7 DM-176768
40.1 -5.3 -12.5 1 6 6 DM-176769
12.9 38.3 -12.4 1 5 6 DM-17954
-31.1 10.7 -11.3 1 7 6 DM-183019
23.4 13.8 -8.8 1 7 6 DM-19359
5.6 -45.7 -15.8 1 6 6 DM-184986
-30.2 5.4 -11.3 2 7 6 DM-193242
-30.2 5.4 -11.3 2 7 6 DM-193242
29.5 -35.3 -16.0 2 7 6 DM-195899
29.5 -35.3 -16.0 2 7 6 DM-195899
-12.3 -11.7 -6.6 2 7 6 DM-204123
-12.3 -11.7 -6.6 2 6 6 DM-204125
23.0 28.8 -13.5 1 6 6 DM-20643
5.9 22.3 -9.1 2 7 6 DM-211051
5.9 22.3 -9.1 2 7 6 DM-211051
-0.7 17.3 -7.0 1 7 6 DM-211377
-33.8 -17.1 -15.2 1 6 6 DM-213781
-18.5 -40.6 -17.9 1 6 8 DM-214352
7.1 -45.6 -17.8 1 5 6 DM-215081
23.6 -9.1 -9.7 2 7 6 DM-216267
23.6 -9.1 -9.7 2 7 6 DM-216267SB
1.8 24.4 -10.2 2 6 6 DM-221210
-27.7 33.8 -18.1 2 4 6 DM-222345
45.7 -1.6 -18.6 1 7 6 DM-226219
-32.9 -29.9 -19.9 1 6 6 DM-2311940
17.4 -30.8 -15.0 1 5 6 DM-2315935
22.2 -6.3 -9.8 1 7 6 DM-2317699
43.7 9.5 -19.2 1 7 6 DM-23332
29.2 15.3 -13.9 1 7 6 DM-23693
-34.0 23.7 -18.2 1 5 6 DM-238646
-28.7 6.7 -13.3 1 7 6 DM-239765
-17.9 -38.4 -19.4 1 7 6 DM-2412677
19.0 -36.1 -18.3 1 6 6 DM-2415668
26.8 -33.0 -19.0 1 5 6 DM-2416193
39.4 6.0 -18.7 2 7 6 DM-25225
39.4 6.0 -18.7 2 5 6 DM-25225
-10.3 38.8 -19.5 1 6 6 DM-253913
-3.3 -15.6 -8.0 2 6 6 DM-2612026
-3.3 -15.6 -8.0 2 6 6 DM-2612026
-3.3 -15.6 -7.9 2 6 6 DM-2612026
41.2 -9.7 -20.9 1 6 8 DM-2616501
35.0 23.8 -20.9 1 5 6 DM-26828
-28.4 0.5 -14.8 1 6 6 DM-268883
0.7 -7.8 24.0 2 4 6 ChiDraconis
0.7 -7.8 24.0 2 7 6 ChiDraconisSB
1.1 30.2 11.1 1 5 6 Chi1Orionis
-5.8 -19.2 -3.0 1 7 6 Clarke'sStar
-0.8 -10.4 -16.2 1 7 6 D'Artagnon
-35.2 -7.5 0.3 1 7 6 DM+02989
27.6 -16.1 0.6 1 6 6 DM+04810
-23.1 9.9 0.4 1 7 6 DM+12447
18.5 -1.1 0.6 1 7 6 DM+14774
27.4 17.4 1.9 1 7 6 DM+2348
0.2 -16.7 0.7 2 6 6 DM+23482
21.4 -37.1 2.3 1 6 6 DM+24076
-4.1 -40.0 2.5 1 6 6 DM+33465
22.0 4.4 1.9 1 6 6 DM+4123
5.9 -17.8 1.6 1 7 6 DM+44048
16.3 -38.4 3.2 1 7 6 DM+44157
-4.5 11.4 1.1 2 7 6 DM+51668
-4.5 11.4 1.1 2 7 6 DM+51668
-4.5 -31.5 3.1 2 7 6 DM+53409
-4.5 -31.5 3.1 2 7 6 DM+53409
9.1 -37.1 3.9 1 7 6 DM+53993
-29.0 22.7 3.7 1 6 6 DM+62182
18.2 14.4 2.7 2 6 6 DM+6398
18.2 14.4 2.7 2 7 6 DM+6398
18.2 14.4 2.8 2 7 6 DM+6398
15.5 -42.2 5.8 1 6 6 DM+74052
-44.4 -5.6 7.1 1 7 6 DM+92636
-1.1 30.8 5.6 2 7 6 DM+101032
-1.1 30.8 5.6 2 7 6 DM+101032
-39.6 -13.3 7.1 1 5 6 DM+102531
-22.7 -9.2 4.5 2 7 6 DM+112576
-22.7 -9.2 4.5 2 7 6 DM+112576SB
4.2 36.5 7.3 1 7 6 DM+11878
-32.4 33.9 9.8 1 7 6 DM+121944
-37.6 -9.8 8.7 1 7 6 DM+132618
-30.7 -32.5 10.6 1 5 6 DM+132901
-14.1 -6.9 4.2 1 7 6 DM+152620
0.9 -43.6 12.4 1 5 8 DM+153364
20.5 -6.1 6.2 2 7 6 DM+154733
20.5 -6.1 6.2 2 7 6 DM+154733SB
-45.6 -7.8 12.9 1 6 6 DM+162404
-34.5 -25.8 12.1 1 7 6 DM+162658
-23.9 -22.3 9.5 1 7 6 DM+162708
-4.5 29.5 9.4 1 7 6 DM+171320
-34.0 -11.5 11.1 2 6 6 DM+172611
-34.0 -11.5 11.1 2 7 6 DM+172611
-3.8 36.9 12.6 1 6 6 DM+181214
-28.8 -13.9 10.4 1 7 6 DM+182776
2.6 -46.1 15.4 1 7 6 DM+183606
10.8 29.8 10.8 1 7 6 DM+18683
20.7 9.6 8.3 1 6 6 DM+19279
-26.9 -24.9 12.8 2 6 6 DM+192881
-26.9 -24.9 12.8 2 7 6 DM+192881
40.1 -11.8 15.6 1 5 6 DM+195036
19.6 -2.7 7.0 2 7 6 DM+195116
19.6 -2.7 7.0 2 7 6 DM+195116
19.6 -12.1 8.8 1 6 6 DM+205046
15.3 41.3 16.7 1 6 6 DM+20802
31.6 5.1 12.2 1 6 6 DM+2085
21.5 38.1 17.6 1 5 6 DM+21587
12.8 29.5 12.8 1 7 6 DM+21652
-34.3 9.1 14.5 1 7 6 DM+222302
-34.9 -27.7 19.6 1 7 6 DM+242733
39.1 -26.1 19.6 2 7 6 DM+242733
-31.6 -28.5 19.0 2 5 6 DM+242786
-31.6 -28.5 19.0 2 7 6 DM+242786SB
-27.2 -28.5 18.4 1 6 6 DM+252874
-8.5 -29.7 14.9 1 7 6 DM+253173
10.6 -37.7 18.9 1 6 6 DM+253719
21.3 31.4 18.5 1 6 8 DM+25613
34.6 -0.1 17.5 2 7 6 DM+264734
34.6 -0.1 17.5 2 7 6 DM+264732SB
-40.2 2.7 20.7 1 6 6 DM+272055
-24.9 -12.6 14.3 2 6 6 DM+272296
-29.0 2.5 14.7 1 7 6 DM+2728217
32.9 -24.0 21.1 2 7 6 DM+274120
32.9 -24.0 21.1 2 7 6 DM+274120SB
-26.1 28.5 21.0 1 5 6 DM+281660
39.1 0.6 21.4 1 6 6 DM+284704
-29.8 -20.8 20.8 1 6 6 DM+302512
-33.8 7.7 20.5 2 6 6 DM+312240
-33.8 7.7 20.5 2 7 6 DM+312240
15.8 -32.3 22.3 2 7 6 DM+313767
15.8 -32.3 22.3 2 7 6 DM+313767
-6.8 -37.1 24.0 1 5 6 DM+322896
20.8 13.4 -15.7 1 7 6 DM+32828
30.2 27.4 27.7 1 7 6 DM+33529
-35.0 -4.5 23.5 1 6 6 DM+342323
-25.4 -8.9 19.0 2 7 6 DM+352436
-25.4 -8.9 19.0 2 7 6 DM+352436
-11.3 27.6 21.9 2 7 6 DM+361638
-11.3 27.6 21.9 2 7 6 DM+361638SB
-30.5 23.5 28.5 1 7 6 DM+361970
-19.4 14.4 17.5 2 7 6 DM+361979
-19.4 14.4 17.5 2 5 5 DM+361979
-27.9 1.2 19.9 1 7 6 DM+362219
-23.5 -10.4 18.5 1 7 6 DM+362393
23.1 26.4 27.5 1 7 6 DM+37748
0.9 -27.5 21.7 1 6 6 DM+383095
34.2 5.7 29.0 1 6 6 DM+39154
-28.3 9.9 24.0 2 7 6 DM+392376
-28.3 9.9 24.0 2 7 6 DM+392376
-15.4 -27.6 25.7 1 5 6 DM+392947
35.2 2.2 30.3 1 7 6 DM+4045
-32.2 9.1 28.7 1 5 6 DM+412147
31.8 9.6 29.7 1 4 6 DM+41219
-15.9 -33.7 32.4 1 7 6 DM+412695
-22.9 23.4 29.4 2 7 6 DM+421956
-22.9 23.4 29.4 2 4 6 DM+421956
-33.4 -2.9 30.5 1 7 6 DM+422296
-28.4 19.8 32.1 1 6 6 DM+431953
-1.8 -23.0 21.7 1 7 6 DM+432796
10.3 -3.6 10.5 2 7 6 DM+434305
10.3 -3.6 10.5 2 7 6 DM+434305
24.3 0.2 24.7 1 7 6 DM+444548
-27.9 -1.8 27.6 1 6 6 DM+452014
-20.3 -20.1 29.1 1 7 6 DM+452247
-3.2 -16.4 15.0 2 7 6 DM+452505
2.1 -33.1 33.7 1 7 6 DM+452688
4.0 -27.5 28.4 1 7 6 DM+452743
24.5 0.3 25.0 2 6 6 DM+454408
24.5 0.3 25.0 2 7 6 DM+454408
24.5 0.3 25.0 2 7 6 DM+454408SB
-28.5 18.9 35.6 1 5 6 DM+461551
-29.5 12.4 32.9 1 6 6 DM+461635
-19.4 -8.8 22.2 1 7 6 DM+461889
-24.3 -14.1 29.5 2 7 6 DM+472112
-24.3 -14.1 29.5 2 7 6 DM+472112
17.3 12.0 23.1 1 7 6 DM+47612
-27.6 16.0 35.8 1 7 6 DM+481829
-17.6 -6.2 20.7 2 7 6 DM+482108
-17.6 -6.2 20.7 2 7 6 DM+2108
7.7 26.5 32.7 1 7 6 DM+491280
-24.0 3.1 28.6 1 6 6 DM+501832
-25.4 -13.2 34.3 1 7 6 DM+502030
4.0 -28.2 36.0 2 6 6 DM+512402
4.0 -28.2 36.0 2 7 6 DM+512402SB
5.6 -25.3 34.2 1 5 6 DM+522294
7.3 18.5 26.2 1 6 6 DM+52857
7.6 28.2 38.8 1 7 6 DM+52911
-8.8 7.9 15.6 2 7 6 DM+531320
-8.8 7.9 15.6 2 7 6 DM+531321
-2.6 -22.8 42.9 2 5 6 26Draconis
-2.6 -22.8 42.9 2 7 6 26Draconis
-18.3 -18.6 28.7 2 5 6 44IBootis
-18.3 -18.6 28.7 2 5 6 44IBootis
-18.3 -18.6 28.7 2 5 6 44IBootis
6.2 -6.0 6.8 2 6 6 61Cygni
6.2 -6.0 6.8 2 7 6 61Cygni
6.2 -6.0 6.8 2 6 6 61Cygni
-24.4 2.2 16.7 1 5 6 61UrsaeMajoris
0.2 -16.7 0.7 2 6 6 70Ophiuchi
0.2 -16.7 0.7 2 7 6 70Ophiuchi
9.5 11.2 -13.9 1 5 6 82Erandi
34.6 -0.1 17.5 1 5 6 85Pegasi
13.0 46.1 1.4 1 7 6 AC+11951-103
9.9 -31.7 1.6 1 7 6 AC+22155-242
30.0 14.1 2.3 1 7 6 AC+32259-31
10.1 -48.3 2.6 1 7 6 AC+32528-176
7.9 -33.8 5.0 1 7 6 AC+8142-393
33.8 31.7 8.6 1 7 6 AC+1022-181
-45.4 -6.5 8.1 1 7 7 AC+1095-26
1.7 18.8 4.1 1 7 6 AC+121800-213
24.2 -37.6 10.5 1 7 6 AC+131185-145
-34.5 24.4 10.1 1 7 6 AC+131301-119
-18.8 -1.8 39.1 1 7 6 AC+1314332
8.4 -38.7 11.7 1 7 6 AC+16247-80
31.8 -18.5 10.7 1 7 6 AC+16734-144
15.9 -12.6 6.3 1 7 6 AC+17534-105
36.0 -19.0 13.3 1 7 6 AC+17536-125
-20.0 -26.8 10.7 1 7 6 AC+181890-112
9.5 42.8 15.6 1 7 7 AC+191165-38
7.1 -24.6 9.7 2 7 7 AC+201463-148
7.1 -24.6 9.7 2 7 7 AC+201463-154
19.6 -23.5 -11.3 1 3 8 AC+2076187
26.7 -28.0 15.7 1 7 6 AC+22308-605
-19.2 5.3 8.4 1 7 6 AC+23468-46
24.9 -31.9 18.7 1 3 8 AC+24747-102
17.5 14.8 10.8 1 7 6 AC+257918
6.3 -21.7 14.3 2 7 6 AC+3254804
6.3 -21.7 14.3 2 7 6 AC+3254804
39.8 -3.3 25.2 2 3 8 AC+3286401
39.7 -3.3 25.2 2 7 6 AC+3286422
17.8 32.6 24.6 1 7 7 AC+3310883
-3.7 15.7 10.6 1 7 6 AC+3325644
-4.4 14.4 12.0 2 7 6 AC+3823616
-4.4 14.4 12.0 2 7 6 AC+3823616
25.4 -25.9 30.2 2 7 6 AC+3957322
25.4 -25.9 30.2 2 7 6 AC+3957322
25.4 -25.9 30.2 2 7 6 AC+3957322
26.4 -19.5 26.7 2 7 6 AC+3960670
26.4 -19.5 26.7 2 7 6 AC+3960670
-5.4 -29.2 26.4 1 7 7 AC+41726-154
17.9 -20.8 26.7 1 7 6 AC+44871-589
20.9 22.0 31.0 1 7 6 AC+45133-65
-10.9 29.8 33.1 1 7 6 AC+47256-150
-11.2 -25.2 38.4 1 7 6 AC+541646-56
18.6 8.2 31.4 1 7 6 AC+5613511
18.2 10.1 33.8 1 7 6 AC+5813565
3.4 8.0 14.5 2 7 6 AC+5825001
3.4 8.0 14.5 2 3 8 AC+5825002
19.0 4.9 35.6 1 7 6 AC+603496
-2.6 -23.0 42.8 1 7 6 AC+6126806
6.5 -8.6 23.3 2 7 6 AC+656955
6.5 -8.6 23.3 2 7 6 AC+656955
-11.1 -2.3 25.7 1 7 6 AC+663955
-10.6 7.5 36.0 1 7 6 AC+704336
-10.6 7.4 36.0 1 7 6 AC+704337
3.4 -12.8 37.4 1 3 8 AC+708247
7.9 2.0 24.3 1 7 6 AC+71532
4.2 4.7 35.2 1 7 6 AC+791584
-3.2 0.2 16.3 1 7 7 AC+793888
0.0 4.3 31.3 1 7 6 AC+821111
10.3 -29.3 -4.3 2 7 6 AC-7342-397
10.3 -29.3 -4.3 2 3 8 AC-7342-402
-30.7 -23.2 -8.3 1 7 6 AC-122306-155
-1.7 -1.4 -3.9 2 5 6 AlphaCentauri
-1.7 -1.4 -3.9 2 6 6 AlphaCentauri
-45.0 -1.2 -20.5 1 4 6 AlphaCrucis
25.9 28.3 -21.5 2 7 6 AlphaFornacis
25.9 28.3 -21.5 2 4 5 AlphaFronacis
19.4 10.9 -41.7 1 4 6 AlphaHydri
-0.4 7.4 -27.4 1 5 6 AlpphaMensae
7.4 -14.5 2.4 1 3 6 Altair
-28.0 -18.4 11.7 1 5 4 Arcturus
-12.3 3.1 12.1 1 7 6 Augereau
13.5 -37.6 10.3 1 3 8 BPM94172
-0.2 -5.9 0.4 1 7 6 Barnard'sStar
-21.5 1.7 24.5 1 6 6 Berthier
-6.5 1.7 4.8 2 7 6 Bessieres
-6.5 1.7 4.8 2 7 6 Bessieres
21.8 -40.8 5.0 2 5 5 BetaAquilae
21.8 -40.8 5.0 2 7 6 BetaAquilae
-22.2 -3.1 19.8 1 5 6 BetaCanumVenaticorum
25.5 0.7 42.2 2 4 5 BetaCassiopei
25.5 0.7 42.2 2 7 6 BetaCassiopeiSB
-22.9 -7.2 12.8 1 5 6 BetaComaeBerenices
4.4 0.4 -20.1 1 5 5 BetaHydri
-10.1 -15.9 -37.4 1 4 5 BetaTrianguliAustralis
-32.6 1.6 1.1 1 4 6 BetaVirginis
-8.6 -24.7 17.3 1 6 6 BotanyBay
-5.1 -11.8 -2.9 1 7 6 Broward
-16.4 -1.0 21.6 1 3 8 C1A7
6.1 29.5 31.2 2 5 4 Capella
6.1 29.5 31.2 2 4 4 Capella
6.1 30.0 31.5 2 7 6 CapellaH
6.1 30.0 31.5 2 7 6 CapellaH
-15.6 36.9 25.0 2 3 6 Castor
-15.6 36.9 25.0 2 3 6 Castor
-15.6 36.9 25.0 2 3 6 Castor
-15.6 36.9 25.0 2 3 6 Castor
-22.7 0.9 17.7 2 7 6 Catherine'sStar
